<?xml version="1.0" encoding="UTF-8"?>
<testng-results ignored="0" total="4" passed="4" failed="0" skipped="0">
  <reporter-output>
  </reporter-output>
  <suite started-at="2020-06-26T04:17:18 EDT" name="Default suite" finished-at="2020-06-26T04:17:18 EDT" duration-ms="142">
    <groups>
    </groups>
    <test started-at="2020-06-26T04:17:18 EDT" name="Default test" finished-at="2020-06-26T04:17:18 EDT" duration-ms="142">
      <class name="com.qa.test.DemoTest">
        <test-method signature="div()[pri:0, instance:com.qa.test.DemoTest@1d76aeea]" started-at="2020-06-26T04:17:18 EDT" name="div" finished-at="2020-06-26T04:17:18 EDT" duration-ms="15" status="PASS">
          <reporter-output>
          </reporter-output>
        </test-method> <!-- div -->
        <test-method signature="multi()[pri:0, instance:com.qa.test.DemoTest@1d76aeea]" started-at="2020-06-26T04:17:18 EDT" name="multi" finished-at="2020-06-26T04:17:18 EDT" duration-ms="1" status="PASS">
          <reporter-output>
          </reporter-output>
        </test-method> <!-- multi -->
        <test-method signature="sub()[pri:0, instance:com.qa.test.DemoTest@1d76aeea]" started-at="2020-06-26T04:17:18 EDT" name="sub" finished-at="2020-06-26T04:17:18 EDT" duration-ms="1" status="PASS">
          <reporter-output>
          </reporter-output>
        </test-method> <!-- sub -->
        <test-method signature="sum()[pri:0, instance:com.qa.test.DemoTest@1d76aeea]" started-at="2020-06-26T04:17:18 EDT" name="sum" finished-at="2020-06-26T04:17:18 EDT" duration-ms="1" status="PASS">
          <reporter-output>
          </reporter-output>
        </test-method> <!-- sum -->
      </class> <!-- com.qa.test.DemoTest -->
    </test> <!-- Default test -->
  </suite> <!-- Default suite -->
</testng-results>
