<?xml version="1.0" encoding="UTF-8"?>
<!-- Generated by org.testng.reporters.JUnitXMLReporter -->
<testsuite ignored="0" hostname="Alpha-7VTW322" failures="0" tests="4" name="Default test" time="0.142" errors="0" timestamp="2020-06-26T04:17:18 EDT">
  <testcase classname="com.qa.test.DemoTest" name="div" time="0.015"/>
  <testcase classname="com.qa.test.DemoTest" name="multi" time="0.001"/>
  <testcase classname="com.qa.test.DemoTest" name="sub" time="0.001"/>
  <testcase classname="com.qa.test.DemoTest" name="sum" time="0.001"/>
</testsuite> <!-- Default test -->
